[05/Oct/2020:14:17:07] (I): WordPress Instance Info:
[05/Oct/2020:14:17:07] (I): Home URL : http://localhost/wordpress
[05/Oct/2020:14:17:07] (I): Site URL : http://localhost/wordpress
[05/Oct/2020:14:17:07] (I): WordPress Version : 5.5.1
[05/Oct/2020:14:17:07] (I): Onboarding Version : 1.0.10
[05/Oct/2020:14:17:07] (I): Multisite : No
[05/Oct/2020:14:17:07] (I): Server Info : Apache/2.2.34 (Unix) mod_wsgi/3.5 Python/2.7.13 PHP/7.4.2 mod_ssl/2.2.34 OpenSSL/1.0.2o DAV/2 mod_fastcgi/mod_fastcgi-SNAP-0910052141 mod_perl/2.0.11 Perl/v5.24.0
[05/Oct/2020:14:17:07] (I): PHP Version : 7.4.2
[05/Oct/2020:14:17:07] (I): HTTPS : No
[05/Oct/2020:14:17:07] (I): PHP Max Execution Time : 30
[05/Oct/2020:14:17:07] (I): PHP Max Input Vars : 1000
[05/Oct/2020:14:17:07] (I): Max Upload Size : 8388608
[05/Oct/2020:14:17:07] (I): Plugins:
[05/Oct/2020:14:17:07] (I): [PLUGIN] Akismet Anti-Spam : v4.1.6 (Automattic)
[05/Oct/2020:14:17:07] (I): [PLUGIN] PublishPress Capabilities : v1.10 (PublishPress)
[05/Oct/2020:14:17:07] (I): [PLUGIN] Elementor : v3.0.11 (Elementor.com)
[05/Oct/2020:14:17:07] (I): [PLUGIN] Elementor - Header, Footer &amp; Blocks : v1.5.3 (Brainstorm Force, Nikhil Chavan)
[05/Oct/2020:14:17:07] (I): [PLUGIN] Hello Dolly : v1.7.2 (Matt Mullenweg)
[05/Oct/2020:14:17:07] (I): [PLUGIN] Templates Patterns Collection : v1.0.10 (ThemeIsle)
[05/Oct/2020:14:17:07] (I): [PLUGIN] UpdraftPlus - Sauvegarde/Restauration : v1.16.29 (UpdraftPlus.Com, DavidAnderson)
[05/Oct/2020:14:17:07] (I): [PLUGIN] WP Fastest Cache : v0.9.1.1 (Emre Vona)
[05/Oct/2020:14:17:07] (I): [PLUGIN] WP Mail SMTP : v2.4.0 (WPForms)
[05/Oct/2020:14:17:07] (I): [PLUGIN] WPCasa : v1.2.4 (WPSight)
[05/Oct/2020:14:17:07] (I): [PLUGIN] WPForms Lite : v1.6.2.3 (WPForms)
[05/Oct/2020:14:17:07] (I): [PLUGIN] WPS Hide Login : v1.5.6 (WPServeur, NicolasKulka, tabrisrp)
